2017-03-31 16:17:10,383 [Worker-4] INFO  o.e.m.c.i.l.LifecycleMappingFactory - Using org.eclipse.m2e.jdt.JarLifecycleMapping lifecycle mapping for MavenProject: SpringExam:SpringExam:0.0.1-SNAPSHOT @ C:\Users\kosta\Desktop\TESTGIT\Spring\SpringExam\pom.xml.
2017-03-31 16:17:11,110 [Worker-4] INFO  o.e.m.c.i.l.LifecycleMappingFactory - Using org.eclipse.m2e.jdt.JarLifecycleMapping lifecycle mapping for MavenProject: springExam02:springExam02:0.0.1-SNAPSHOT @ C:\Users\kosta\Desktop\TESTGIT\Spring\springExam02\pom.xml.
2017-03-31 16:17:11,294 [Worker-4] INFO  o.e.m.c.i.l.LifecycleMappingFactory - Using org.eclipse.m2e.jdt.JarLifecycleMapping lifecycle mapping for MavenProject: springExam03:springExam03:0.0.1-SNAPSHOT @ C:\Users\kosta\Desktop\TESTGIT\Spring\springExam03\pom.xml.
2017-03-31 16:17:11,404 [Worker-4] INFO  o.e.m.c.i.l.LifecycleMappingFactory - Using org.eclipse.m2e.jdt.JarLifecycleMapping lifecycle mapping for MavenProject: springExam04:springExam04:0.0.1-SNAPSHOT @ C:\Users\kosta\Desktop\TESTGIT\Spring\springExam04\pom.xml.
2017-03-31 16:17:16,976 [Worker-1] WARN  o.e.m.c.i.embedder.EclipseLogger - Using platform encoding (MS949 actually) to copy filtered resources, i.e. build is platform dependent!
2017-03-31 16:17:17,126 [Worker-1] INFO  o.e.m.c.i.embedder.EclipseLogger - skip non existing resourceDirectory C:\Users\kosta\Desktop\TESTGIT\Spring\SpringExam\src\main\resources
2017-03-31 16:17:17,128 [Worker-1] WARN  o.e.m.c.i.embedder.EclipseLogger - Using platform encoding (MS949 actually) to copy filtered resources, i.e. build is platform dependent!
2017-03-31 16:17:17,178 [Worker-1] INFO  o.e.m.c.i.embedder.EclipseLogger - skip non existing resourceDirectory C:\Users\kosta\Desktop\TESTGIT\Spring\SpringExam\src\test\resources
2017-03-31 16:17:23,327 [Worker-1] WARN  o.e.m.c.i.embedder.EclipseLogger - Using platform encoding (MS949 actually) to copy filtered resources, i.e. build is platform dependent!
2017-03-31 16:17:23,334 [Worker-1] INFO  o.e.m.c.i.embedder.EclipseLogger - skip non existing resourceDirectory C:\Users\kosta\Desktop\TESTGIT\Spring\springExam02\src\main\resources
2017-03-31 16:17:23,336 [Worker-1] WARN  o.e.m.c.i.embedder.EclipseLogger - Using platform encoding (MS949 actually) to copy filtered resources, i.e. build is platform dependent!
2017-03-31 16:17:23,342 [Worker-1] INFO  o.e.m.c.i.embedder.EclipseLogger - skip non existing resourceDirectory C:\Users\kosta\Desktop\TESTGIT\Spring\springExam02\src\test\resources
2017-03-31 16:17:23,507 [Worker-1] WARN  o.e.m.c.i.embedder.EclipseLogger - Using platform encoding (MS949 actually) to copy filtered resources, i.e. build is platform dependent!
2017-03-31 16:17:23,513 [Worker-1] INFO  o.e.m.c.i.embedder.EclipseLogger - skip non existing resourceDirectory C:\Users\kosta\Desktop\TESTGIT\Spring\springExam03\src\main\resources
2017-03-31 16:17:23,514 [Worker-1] WARN  o.e.m.c.i.embedder.EclipseLogger - Using platform encoding (MS949 actually) to copy filtered resources, i.e. build is platform dependent!
2017-03-31 16:17:23,520 [Worker-1] INFO  o.e.m.c.i.embedder.EclipseLogger - skip non existing resourceDirectory C:\Users\kosta\Desktop\TESTGIT\Spring\springExam03\src\test\resources
2017-03-31 16:17:23,770 [Worker-1] WARN  o.e.m.c.i.embedder.EclipseLogger - Using platform encoding (MS949 actually) to copy filtered resources, i.e. build is platform dependent!
2017-03-31 16:17:23,776 [Worker-1] INFO  o.e.m.c.i.embedder.EclipseLogger - skip non existing resourceDirectory C:\Users\kosta\Desktop\TESTGIT\Spring\springExam04\src\main\resources
2017-03-31 16:17:23,777 [Worker-1] WARN  o.e.m.c.i.embedder.EclipseLogger - Using platform encoding (MS949 actually) to copy filtered resources, i.e. build is platform dependent!
2017-03-31 16:17:23,782 [Worker-1] INFO  o.e.m.c.i.embedder.EclipseLogger - skip non existing resourceDirectory C:\Users\kosta\Desktop\TESTGIT\Spring\springExam04\src\test\resources
2017-03-31 16:17:24,895 [Worker-3] WARN  o.e.m.c.i.embedder.EclipseLogger - Using platform encoding (MS949 actually) to copy filtered resources, i.e. build is platform dependent!
2017-03-31 16:17:24,901 [Worker-3] INFO  o.e.m.c.i.embedder.EclipseLogger - skip non existing resourceDirectory C:\Users\kosta\Desktop\TESTGIT\Spring\springExam02\src\main\resources
2017-03-31 16:17:24,902 [Worker-3] WARN  o.e.m.c.i.embedder.EclipseLogger - Using platform encoding (MS949 actually) to copy filtered resources, i.e. build is platform dependent!
2017-03-31 16:17:24,907 [Worker-3] INFO  o.e.m.c.i.embedder.EclipseLogger - skip non existing resourceDirectory C:\Users\kosta\Desktop\TESTGIT\Spring\springExam02\src\test\resources
2017-03-31 16:17:24,918 [Worker-3] WARN  o.e.m.c.i.embedder.EclipseLogger - Using platform encoding (MS949 actually) to copy filtered resources, i.e. build is platform dependent!
2017-03-31 16:17:24,927 [Worker-3] INFO  o.e.m.c.i.embedder.EclipseLogger - skip non existing resourceDirectory C:\Users\kosta\Desktop\TESTGIT\Spring\springExam03\src\main\resources
2017-03-31 16:17:24,932 [Worker-3] WARN  o.e.m.c.i.embedder.EclipseLogger - Using platform encoding (MS949 actually) to copy filtered resources, i.e. build is platform dependent!
2017-03-31 16:17:24,937 [Worker-3] INFO  o.e.m.c.i.embedder.EclipseLogger - skip non existing resourceDirectory C:\Users\kosta\Desktop\TESTGIT\Spring\springExam03\src\test\resources
2017-03-31 16:17:24,953 [Worker-3] WARN  o.e.m.c.i.embedder.EclipseLogger - Using platform encoding (MS949 actually) to copy filtered resources, i.e. build is platform dependent!
2017-03-31 16:17:24,957 [Worker-3] INFO  o.e.m.c.i.embedder.EclipseLogger - skip non existing resourceDirectory C:\Users\kosta\Desktop\TESTGIT\Spring\springExam04\src\main\resources
2017-03-31 16:17:24,958 [Worker-3] WARN  o.e.m.c.i.embedder.EclipseLogger - Using platform encoding (MS949 actually) to copy filtered resources, i.e. build is platform dependent!
2017-03-31 16:17:24,962 [Worker-3] INFO  o.e.m.c.i.embedder.EclipseLogger - skip non existing resourceDirectory C:\Users\kosta\Desktop\TESTGIT\Spring\springExam04\src\test\resources
2017-03-31 16:23:26,346 [Worker-14] WARN  o.e.m.c.i.embedder.EclipseLogger - Using platform encoding (MS949 actually) to copy filtered resources, i.e. build is platform dependent!
2017-03-31 16:23:26,377 [Worker-14] INFO  o.e.m.c.i.embedder.EclipseLogger - skip non existing resourceDirectory C:\Users\kosta\Desktop\TESTGIT\Spring\springExam02\src\main\resources
2017-03-31 16:23:26,377 [Worker-14] WARN  o.e.m.c.i.embedder.EclipseLogger - Using platform encoding (MS949 actually) to copy filtered resources, i.e. build is platform dependent!
2017-03-31 16:23:26,393 [Worker-14] INFO  o.e.m.c.i.embedder.EclipseLogger - skip non existing resourceDirectory C:\Users\kosta\Desktop\TESTGIT\Spring\springExam02\src\test\resources
2017-03-31 16:23:27,950 [Worker-9] WARN  o.e.m.c.i.embedder.EclipseLogger - Using platform encoding (MS949 actually) to copy filtered resources, i.e. build is platform dependent!
2017-03-31 16:23:27,950 [Worker-9] INFO  o.e.m.c.i.embedder.EclipseLogger - skip non existing resourceDirectory C:\Users\kosta\Desktop\TESTGIT\Spring\springExam02\src\main\resources
2017-03-31 16:23:27,966 [Worker-9] WARN  o.e.m.c.i.embedder.EclipseLogger - Using platform encoding (MS949 actually) to copy filtered resources, i.e. build is platform dependent!
2017-03-31 16:23:27,966 [Worker-9] INFO  o.e.m.c.i.embedder.EclipseLogger - skip non existing resourceDirectory C:\Users\kosta\Desktop\TESTGIT\Spring\springExam02\src\test\resources
2017-03-31 16:24:02,069 [Worker-3] WARN  o.e.m.c.i.embedder.EclipseLogger - Using platform encoding (MS949 actually) to copy filtered resources, i.e. build is platform dependent!
2017-03-31 16:24:02,085 [Worker-3] INFO  o.e.m.c.i.embedder.EclipseLogger - skip non existing resourceDirectory C:\Users\kosta\Desktop\TESTGIT\Spring\springExam04\src\main\resources
2017-03-31 16:24:02,085 [Worker-3] WARN  o.e.m.c.i.embedder.EclipseLogger - Using platform encoding (MS949 actually) to copy filtered resources, i.e. build is platform dependent!
2017-03-31 16:24:02,085 [Worker-3] INFO  o.e.m.c.i.embedder.EclipseLogger - skip non existing resourceDirectory C:\Users\kosta\Desktop\TESTGIT\Spring\springExam04\src\test\resources
2017-03-31 16:27:10,459 [Worker-0] WARN  o.e.m.c.i.embedder.EclipseLogger - Using platform encoding (MS949 actually) to copy filtered resources, i.e. build is platform dependent!
2017-03-31 16:27:10,475 [Worker-0] INFO  o.e.m.c.i.embedder.EclipseLogger - skip non existing resourceDirectory C:\Users\kosta\Desktop\TESTGIT\Spring\springExam04\src\main\resources
2017-03-31 16:27:10,490 [Worker-0] WARN  o.e.m.c.i.embedder.EclipseLogger - Using platform encoding (MS949 actually) to copy filtered resources, i.e. build is platform dependent!
2017-03-31 16:27:10,490 [Worker-0] INFO  o.e.m.c.i.embedder.EclipseLogger - skip non existing resourceDirectory C:\Users\kosta\Desktop\TESTGIT\Spring\springExam04\src\test\resources
2017-03-31 16:27:14,668 [Worker-5] WARN  o.e.m.c.i.embedder.EclipseLogger - Using platform encoding (MS949 actually) to copy filtered resources, i.e. build is platform dependent!
2017-03-31 16:27:14,668 [Worker-5] INFO  o.e.m.c.i.embedder.EclipseLogger - skip non existing resourceDirectory C:\Users\kosta\Desktop\TESTGIT\Spring\springExam04\src\main\resources
2017-03-31 16:27:14,668 [Worker-5] WARN  o.e.m.c.i.embedder.EclipseLogger - Using platform encoding (MS949 actually) to copy filtered resources, i.e. build is platform dependent!
2017-03-31 16:27:14,683 [Worker-5] INFO  o.e.m.c.i.embedder.EclipseLogger - skip non existing resourceDirectory C:\Users\kosta\Desktop\TESTGIT\Spring\springExam04\src\test\resources
2017-03-31 16:30:41,886 [Worker-0] WARN  o.e.m.c.i.embedder.EclipseLogger - Using platform encoding (MS949 actually) to copy filtered resources, i.e. build is platform dependent!
2017-03-31 16:30:41,917 [Worker-0] INFO  o.e.m.c.i.embedder.EclipseLogger - skip non existing resourceDirectory C:\Users\kosta\Desktop\TESTGIT\Spring\springExam04\src\main\resources
2017-03-31 16:30:41,917 [Worker-0] WARN  o.e.m.c.i.embedder.EclipseLogger - Using platform encoding (MS949 actually) to copy filtered resources, i.e. build is platform dependent!
2017-03-31 16:30:41,933 [Worker-0] INFO  o.e.m.c.i.embedder.EclipseLogger - skip non existing resourceDirectory C:\Users\kosta\Desktop\TESTGIT\Spring\springExam04\src\test\resources
2017-03-31 16:32:44,409 [Worker-19] WARN  o.e.m.c.i.embedder.EclipseLogger - Using platform encoding (MS949 actually) to copy filtered resources, i.e. build is platform dependent!
2017-03-31 16:32:44,424 [Worker-19] INFO  o.e.m.c.i.embedder.EclipseLogger - skip non existing resourceDirectory C:\Users\kosta\Desktop\TESTGIT\Spring\springExam04\src\main\resources
2017-03-31 16:32:44,424 [Worker-19] WARN  o.e.m.c.i.embedder.EclipseLogger - Using platform encoding (MS949 actually) to copy filtered resources, i.e. build is platform dependent!
2017-03-31 16:32:44,440 [Worker-19] INFO  o.e.m.c.i.embedder.EclipseLogger - skip non existing resourceDirectory C:\Users\kosta\Desktop\TESTGIT\Spring\springExam04\src\test\resources
2017-03-31 16:32:48,811 [Worker-17] WARN  o.e.m.c.i.embedder.EclipseLogger - Using platform encoding (MS949 actually) to copy filtered resources, i.e. build is platform dependent!
2017-03-31 16:32:48,827 [Worker-17] INFO  o.e.m.c.i.embedder.EclipseLogger - skip non existing resourceDirectory C:\Users\kosta\Desktop\TESTGIT\Spring\springExam04\src\main\resources
2017-03-31 16:32:48,842 [Worker-17] WARN  o.e.m.c.i.embedder.EclipseLogger - Using platform encoding (MS949 actually) to copy filtered resources, i.e. build is platform dependent!
2017-03-31 16:32:48,842 [Worker-17] INFO  o.e.m.c.i.embedder.EclipseLogger - skip non existing resourceDirectory C:\Users\kosta\Desktop\TESTGIT\Spring\springExam04\src\test\resources
2017-03-31 16:34:26,234 [Worker-11] WARN  o.e.m.c.i.embedder.EclipseLogger - Using platform encoding (MS949 actually) to copy filtered resources, i.e. build is platform dependent!
2017-03-31 16:34:26,234 [Worker-11] INFO  o.e.m.c.i.embedder.EclipseLogger - skip non existing resourceDirectory C:\Users\kosta\Desktop\TESTGIT\Spring\springExam04\src\main\resources
2017-03-31 16:34:26,250 [Worker-11] WARN  o.e.m.c.i.embedder.EclipseLogger - Using platform encoding (MS949 actually) to copy filtered resources, i.e. build is platform dependent!
2017-03-31 16:34:26,250 [Worker-11] INFO  o.e.m.c.i.embedder.EclipseLogger - skip non existing resourceDirectory C:\Users\kosta\Desktop\TESTGIT\Spring\springExam04\src\test\resources
2017-03-31 16:43:18,552 [Worker-24] WARN  o.e.m.c.i.embedder.EclipseLogger - Using platform encoding (MS949 actually) to copy filtered resources, i.e. build is platform dependent!
2017-03-31 16:43:18,567 [Worker-24] INFO  o.e.m.c.i.embedder.EclipseLogger - skip non existing resourceDirectory C:\Users\kosta\Desktop\TESTGIT\Spring\springExam04\src\main\resources
2017-03-31 16:43:18,567 [Worker-24] WARN  o.e.m.c.i.embedder.EclipseLogger - Using platform encoding (MS949 actually) to copy filtered resources, i.e. build is platform dependent!
2017-03-31 16:43:18,583 [Worker-24] INFO  o.e.m.c.i.embedder.EclipseLogger - skip non existing resourceDirectory C:\Users\kosta\Desktop\TESTGIT\Spring\springExam04\src\test\resources
2017-03-31 16:43:52,549 [Worker-29] WARN  o.e.m.c.i.embedder.EclipseLogger - Using platform encoding (MS949 actually) to copy filtered resources, i.e. build is platform dependent!
2017-03-31 16:43:52,549 [Worker-29] INFO  o.e.m.c.i.embedder.EclipseLogger - skip non existing resourceDirectory C:\Users\kosta\Desktop\TESTGIT\Spring\springExam04\src\main\resources
2017-03-31 16:43:52,549 [Worker-29] WARN  o.e.m.c.i.embedder.EclipseLogger - Using platform encoding (MS949 actually) to copy filtered resources, i.e. build is platform dependent!
2017-03-31 16:43:52,549 [Worker-29] INFO  o.e.m.c.i.embedder.EclipseLogger - skip non existing resourceDirectory C:\Users\kosta\Desktop\TESTGIT\Spring\springExam04\src\test\resources
2017-03-31 16:44:30,394 [Worker-30] WARN  o.e.m.c.i.embedder.EclipseLogger - Using platform encoding (MS949 actually) to copy filtered resources, i.e. build is platform dependent!
2017-03-31 16:44:30,410 [Worker-30] INFO  o.e.m.c.i.embedder.EclipseLogger - skip non existing resourceDirectory C:\Users\kosta\Desktop\TESTGIT\Spring\springExam04\src\main\resources
2017-03-31 16:44:30,410 [Worker-30] WARN  o.e.m.c.i.embedder.EclipseLogger - Using platform encoding (MS949 actually) to copy filtered resources, i.e. build is platform dependent!
2017-03-31 16:44:30,425 [Worker-30] INFO  o.e.m.c.i.embedder.EclipseLogger - skip non existing resourceDirectory C:\Users\kosta\Desktop\TESTGIT\Spring\springExam04\src\test\resources
2017-03-31 16:44:36,073 [Worker-0] WARN  o.e.m.c.i.embedder.EclipseLogger - Using platform encoding (MS949 actually) to copy filtered resources, i.e. build is platform dependent!
2017-03-31 16:44:36,089 [Worker-0] INFO  o.e.m.c.i.embedder.EclipseLogger - skip non existing resourceDirectory C:\Users\kosta\Desktop\TESTGIT\Spring\springExam04\src\main\resources
2017-03-31 16:44:36,089 [Worker-0] WARN  o.e.m.c.i.embedder.EclipseLogger - Using platform encoding (MS949 actually) to copy filtered resources, i.e. build is platform dependent!
2017-03-31 16:44:36,089 [Worker-0] INFO  o.e.m.c.i.embedder.EclipseLogger - skip non existing resourceDirectory C:\Users\kosta\Desktop\TESTGIT\Spring\springExam04\src\test\resources
2017-03-31 16:44:44,517 [Worker-29] WARN  o.e.m.c.i.embedder.EclipseLogger - Using platform encoding (MS949 actually) to copy filtered resources, i.e. build is platform dependent!
2017-03-31 16:44:44,533 [Worker-29] INFO  o.e.m.c.i.embedder.EclipseLogger - skip non existing resourceDirectory C:\Users\kosta\Desktop\TESTGIT\Spring\springExam04\src\main\resources
2017-03-31 16:44:44,533 [Worker-29] WARN  o.e.m.c.i.embedder.EclipseLogger - Using platform encoding (MS949 actually) to copy filtered resources, i.e. build is platform dependent!
2017-03-31 16:44:44,548 [Worker-29] INFO  o.e.m.c.i.embedder.EclipseLogger - skip non existing resourceDirectory C:\Users\kosta\Desktop\TESTGIT\Spring\springExam04\src\test\resources
2017-03-31 16:54:23,570 [Worker-31] WARN  o.e.m.c.i.embedder.EclipseLogger - Using platform encoding (MS949 actually) to copy filtered resources, i.e. build is platform dependent!
2017-03-31 16:54:23,586 [Worker-31] INFO  o.e.m.c.i.embedder.EclipseLogger - skip non existing resourceDirectory C:\Users\kosta\Desktop\TESTGIT\Spring\springExam04\src\main\resources
2017-03-31 16:54:23,586 [Worker-31] WARN  o.e.m.c.i.embedder.EclipseLogger - Using platform encoding (MS949 actually) to copy filtered resources, i.e. build is platform dependent!
2017-03-31 16:54:23,586 [Worker-31] INFO  o.e.m.c.i.embedder.EclipseLogger - skip non existing resourceDirectory C:\Users\kosta\Desktop\TESTGIT\Spring\springExam04\src\test\resources
2017-03-31 16:55:56,475 [Worker-20] WARN  o.e.m.c.i.embedder.EclipseLogger - Using platform encoding (MS949 actually) to copy filtered resources, i.e. build is platform dependent!
2017-03-31 16:55:56,490 [Worker-20] INFO  o.e.m.c.i.embedder.EclipseLogger - skip non existing resourceDirectory C:\Users\kosta\Desktop\TESTGIT\Spring\springExam04\src\main\resources
2017-03-31 16:55:56,506 [Worker-20] WARN  o.e.m.c.i.embedder.EclipseLogger - Using platform encoding (MS949 actually) to copy filtered resources, i.e. build is platform dependent!
2017-03-31 16:55:56,506 [Worker-20] INFO  o.e.m.c.i.embedder.EclipseLogger - skip non existing resourceDirectory C:\Users\kosta\Desktop\TESTGIT\Spring\springExam04\src\test\resources
2017-03-31 16:56:09,342 [Worker-20] WARN  o.e.m.c.i.embedder.EclipseLogger - Using platform encoding (MS949 actually) to copy filtered resources, i.e. build is platform dependent!
2017-03-31 16:56:09,358 [Worker-20] INFO  o.e.m.c.i.embedder.EclipseLogger - skip non existing resourceDirectory C:\Users\kosta\Desktop\TESTGIT\Spring\springExam04\src\main\resources
2017-03-31 16:56:09,358 [Worker-20] WARN  o.e.m.c.i.embedder.EclipseLogger - Using platform encoding (MS949 actually) to copy filtered resources, i.e. build is platform dependent!
2017-03-31 16:56:09,358 [Worker-20] INFO  o.e.m.c.i.embedder.EclipseLogger - skip non existing resourceDirectory C:\Users\kosta\Desktop\TESTGIT\Spring\springExam04\src\test\resources
